Change Physical Footprint: Designator=C1 Old Footprint=Kemet_C0805_IPC_A New Footprint=Kemet_C0805_IPC_A
Change Physical Footprint: Designator=C2 Old Footprint=Kemet_C0805_IPC_A New Footprint=Kemet_C0805_IPC_A
Change Physical Footprint: Designator=C3 Old Footprint=Kemet_C0805_IPC_A New Footprint=Kemet_C0805_IPC_A
Change Physical Footprint: Designator=C4 Old Footprint=Kemet_C0805_IPC_A New Footprint=Kemet_C0805_IPC_A
Change Physical Footprint: Designator=C5 Old Footprint=Kemet_C0805_IPC_A New Footprint=Kemet_C0805_IPC_A
Change Physical Footprint: Designator=C6 Old Footprint=Kemet_C0805_IPC_A New Footprint=Kemet_C0805_IPC_A
Change Physical Footprint: Designator=C7 Old Footprint=Kemet_C0805_IPC_A New Footprint=Kemet_C0805_IPC_A
Change Physical Footprint: Designator=C8 Old Footprint=Kemet_C0805_IPC_A New Footprint=Kemet_C0805_IPC_A
Change Physical Footprint: Designator=C9 Old Footprint=Kemet_C0805_IPC_A New Footprint=Kemet_C0805_IPC_A
Change Physical Footprint: Designator=C10 Old Footprint=Kemet_C0805_IPC_A New Footprint=Kemet_C0805_IPC_A
Change Physical Footprint: Designator=C11 Old Footprint=Kemet_C0805_IPC_A New Footprint=Kemet_C0805_IPC_A
Change Physical Footprint: Designator=C12 Old Footprint=Kemet_C0805_IPC_A New Footprint=Kemet_C0805_IPC_A
Change Physical Footprint: Designator=C13 Old Footprint=Kemet_C0805_IPC_A New Footprint=Kemet_C0805_IPC_A
Change Physical Footprint: Designator=C14 Old Footprint=Kemet_C0805_IPC_A New Footprint=Kemet_C0805_IPC_A
Change Physical Footprint: Designator=C15 Old Footprint=Kemet_C0805_IPC_A New Footprint=Kemet_C0805_IPC_A
Change Physical Footprint: Designator=C16 Old Footprint=Kemet_C0805_IPC_A New Footprint=Kemet_C0805_IPC_A
Change Physical Footprint: Designator=C17 Old Footprint=Kemet_C0805_IPC_A New Footprint=Kemet_C0805_IPC_A
Change Physical Footprint: Designator=C18 Old Footprint=Kemet_C0805_IPC_A New Footprint=Kemet_C0805_IPC_A
Change Physical Footprint: Designator=C19 Old Footprint=Kemet_C0805_IPC_A New Footprint=Kemet_C0805_IPC_A
Change Physical Footprint: Designator=C20 Old Footprint=Kemet_C0805_IPC_A New Footprint=Kemet_C0805_IPC_A
Change Physical Footprint: Designator=C21 Old Footprint=Kemet_C0805_IPC_A New Footprint=Kemet_C0805_IPC_A
Change Physical Footprint: Designator=C22 Old Footprint=Kemet_C0805_IPC_A New Footprint=Kemet_C0805_IPC_A
Change Physical Footprint: Designator=C23 Old Footprint=Kemet_C0805_IPC_A New Footprint=Kemet_C0805_IPC_A
Change Physical Footprint: Designator=C24 Old Footprint=Kemet_C0805_IPC_A New Footprint=Kemet_C0805_IPC_A
Change Physical Footprint: Designator=C25 Old Footprint=Kemet_C0805_IPC_A New Footprint=Kemet_C0805_IPC_A
Change Physical Footprint: Designator=C26 Old Footprint=Kemet_C0805_IPC_A New Footprint=Kemet_C0805_IPC_A
Change Physical Footprint: Designator=C27 Old Footprint=Kemet_C0805_IPC_A New Footprint=Kemet_C0805_IPC_A
Change Physical Footprint: Designator=C28 Old Footprint=Kemet_C0805_IPC_A New Footprint=Kemet_C0805_IPC_A
Change Physical Footprint: Designator=C29 Old Footprint=Kemet_C0805_IPC_A New Footprint=Kemet_C0805_IPC_A
Change Physical Footprint: Designator=C30 Old Footprint=Kemet_C0805_IPC_A New Footprint=Kemet_C0805_IPC_A
Change Physical Footprint: Designator=C31 Old Footprint=CAPC1210(3225)280_L New Footprint=CAPC1210(3225)280_L
Change Physical Footprint: Designator=C32 Old Footprint=Kemet_C0805_IPC_A New Footprint=Kemet_C0805_IPC_A
Change Physical Footprint: Designator=C33 Old Footprint=CAPC1210(3225)280_L New Footprint=CAPC1210(3225)280_L
Change Physical Footprint: Designator=C34 Old Footprint=Kemet_C0805_IPC_A New Footprint=Kemet_C0805_IPC_A
Change Physical Footprint: Designator=C35 Old Footprint=Kemet_C0805_IPC_A New Footprint=Kemet_C0805_IPC_A
Change Physical Footprint: Designator=H1 Old Footprint=HDR1X2 New Footprint=HDR1X2
Change Physical Footprint: Designator=J1 Old Footprint=1542761 New Footprint=1542761
Change Physical Footprint: Designator=L1 Old Footprint=BOUR-SRN3015-2_V New Footprint=BOUR-SRN3015-2_V
Change Physical Footprint: Designator=P1 Old Footprint=SMTC-SSW-125-01-X-D New Footprint=SMTC-SSW-125-01-X-D
Change Physical Footprint: Designator=P2 Old Footprint=SMTC-SSW-125-01-X-D New Footprint=SMTC-SSW-125-01-X-D
Change Physical Footprint: Designator=P3 Old Footprint=TECO-2-5174225-5-68_V New Footprint=TECO-2-5174225-5-68_V
Change Physical Footprint: Designator=R1 Old Footprint=RESC3216X60X45NL10T20 New Footprint=RESC3216X60X45NL10T20
Change Physical Footprint: Designator=R2 Old Footprint=RESC3216X60X45ML15T20 New Footprint=RESC3216X60X45ML15T20
Change Physical Footprint: Designator=R3 Old Footprint=RESC3216X60X45ML15T20 New Footprint=RESC3216X60X45ML15T20
Change Physical Footprint: Designator=R4 Old Footprint=RESC3216X60X45NL10T20 New Footprint=RESC3216X60X45NL10T20
Change Physical Footprint: Designator=R5 Old Footprint=RESC3216X60X45NL10T20 New Footprint=RESC3216X60X45NL10T20
Change Physical Footprint: Designator=R6 Old Footprint=RESC3216X60X45ML15T20 New Footprint=RESC3216X60X45ML15T20
Change Physical Footprint: Designator=R7 Old Footprint=RESC3216X60X45ML15T20 New Footprint=RESC3216X60X45ML15T20
Change Physical Footprint: Designator=R8 Old Footprint=RESC3216X60X45NL10T20 New Footprint=RESC3216X60X45NL10T20
Change Physical Footprint: Designator=R9 Old Footprint=RESC3225X70X50ML20T20 New Footprint=RESC3225X70X50ML20T20
Change Physical Footprint: Designator=R10 Old Footprint=RESC3216X70X50NL05T20 New Footprint=RESC3216X70X50NL05T20
Change Physical Footprint: Designator=R11 Old Footprint=RESC2010(5025)_L New Footprint=RESC2010(5025)_L
Change Physical Footprint: Designator=R12 Old Footprint=RESC3216X60X45ML15T20 New Footprint=RESC3216X60X45ML15T20
Change Physical Footprint: Designator=R13 Old Footprint=RESC3216X70X50ML20T25 New Footprint=RESC3216X70X50ML20T25
Change Physical Footprint: Designator=R14 Old Footprint=RESC3216X60X45ML15T20 New Footprint=RESC3216X60X45ML15T20
Change Physical Footprint: Designator=R15 Old Footprint=RESC3216X70X50ML20T25 New Footprint=RESC3216X70X50ML20T25
Change Physical Footprint: Designator=R16 Old Footprint=RESC3216X60X45ML15T20 New Footprint=RESC3216X60X45ML15T20
Change Physical Footprint: Designator=R17 Old Footprint=RESC3216X70X50ML20T25 New Footprint=RESC3216X70X50ML20T25
Change Physical Footprint: Designator=R18 Old Footprint=RESC3216X60X45ML15T20 New Footprint=RESC3216X60X45ML15T20
Change Physical Footprint: Designator=R19 Old Footprint=RESC3216X70X50ML20T25 New Footprint=RESC3216X70X50ML20T25
Change Physical Footprint: Designator=U1 Old Footprint=INF-PG-DSO-14-37_N New Footprint=INF-PG-DSO-14-37_N
Change Physical Footprint: Designator=U2 Old Footprint=INF-PG-DSO-14-37_N New Footprint=INF-PG-DSO-14-37_N
Change Physical Footprint: Designator=U3 Old Footprint=INF-PG-DSO-14-37_N New Footprint=INF-PG-DSO-14-37_N
Change Physical Footprint: Designator=U4 Old Footprint=INF-PG-DSO-14-37_N New Footprint=INF-PG-DSO-14-37_N
Change Physical Footprint: Designator=U5 Old Footprint=INF-PG-DSO-14-37_N New Footprint=INF-PG-DSO-14-37_N
Change Physical Footprint: Designator=U6 Old Footprint=PW0014A_Custom New Footprint=PW0014A_Custom
Change Physical Footprint: Designator=U7 Old Footprint=PW0014A_Custom New Footprint=PW0014A_Custom
Change Physical Footprint: Designator=U8 Old Footprint=SOT-23-OT5_CUSTOM New Footprint=SOT-23-OT5_CUSTOM
Change Physical Footprint: Designator=U9 Old Footprint=SOT-23-OT5_CUSTOM New Footprint=SOT-23-OT5_CUSTOM
Change Physical Footprint: Designator=U10 Old Footprint=SOT-23-OT5_CUSTOM New Footprint=SOT-23-OT5_CUSTOM
Change Physical Footprint: Designator=U11 Old Footprint=SOT-23-OT5_CUSTOM New Footprint=SOT-23-OT5_CUSTOM
Change Physical Footprint: Designator=U12 Old Footprint=D0008A_M New Footprint=D0008A_M
Change Physical Footprint: Designator=U13 Old Footprint=DSG8-1600X900TP New Footprint=DSG8-1600X900TP
Change Physical Footprint: Designator=U14 Old Footprint=SOT-89-MB3_N New Footprint=SOT-89-MB3_N
