Removed Pin From Net: NetName=GND Pin=C?-1
Added Pin To Net: NetName=+3 Pin=C?-1
Added Pin To Net: NetName=+3 Pin=C?-1
Added Pin To Net: NetName=+3 Pin=C?-1
Added Pin To Net: NetName=+3 Pin=C?-1
Added Pin To Net: NetName=+3 Pin=C?-1
Added Pin To Net: NetName=+5 Pin=C?-1
Added Pin To Net: NetName=+5 Pin=C?-1
Added Pin To Net: NetName=+5 Pin=C?-1
Added Pin To Net: NetName=+12 Pin=C?-1
Added Pin To Net: NetName=GND Pin=C?-1
Added Pin To Net: NetName=GND Pin=C?-1
Added Pin To Net: NetName=+3 Pin=C?-2
Added Pin To Net: NetName=+5 Pin=C?-2
Added Pin To Net: NetName=GND Pin=C?-2
Added Pin To Net: NetName=GND Pin=C?-2
Added Pin To Net: NetName=GND Pin=C?-2
Added Pin To Net: NetName=GND Pin=C?-2
Added Pin To Net: NetName=GND Pin=C?-2
Added Pin To Net: NetName=GND Pin=C?-2
Added Pin To Net: NetName=GND Pin=C?-2
Added Pin To Net: NetName=GND Pin=C?-2
Added Pin To Net: NetName=GND Pin=C?-2
Added Pin To Net: NetName=GND Pin=C?-2
Added Pin To Net: NetName=GND Pin=C?-2
Added Member To Class: ClassName=5vOutputs Member=Component C? C0603C104K5RACTU
Added Member To Class: ClassName=5vOutputs Member=Component C? C0603C104K5RACTU
Added Member To Class: ClassName=5vOutputs Member=Component C? C0603C104K5RACTU
Added Member To Class: ClassName=5vOutputs Member=Component C? C0603C104K5RACTU
Added Member To Class: ClassName=5vOutputs Member=Component C? C0603C104K5RACTU
Added Member To Class: ClassName=DAC_PWW_Outputs Member=Component C? C0603C104K5RACTU
Added Member To Class: ClassName=DAC_PWW_Outputs Member=Component C? C0603C104K5RACTU
Added Member To Class: ClassName=DAC_PWW_Outputs Member=Component C? C0603C104K5RACTU
Added Member To Class: ClassName=Power_CAN Member=Component C? C0805C105K4RACTU
Added Member To Class: ClassName=Power_CAN Member=Component C? C0805C105K4RACTU
Added Member To Class: ClassName=Power_CAN Member=Component C? C0603C104K5RACTU
Added Member To Class: ClassName=Power_CAN Member=Component C? CAP 22uF 16V X7R 1210(3225)
Added Member To Class: ClassName=DAC_PWW_Outputs Member=Component R? CRCW1206523RFKEA
Added Member To Class: ClassName=DAC_PWW_Outputs Member=Component R? CRCW12061K00FKEA
Added Member To Class: ClassName=DAC_PWW_Outputs Member=Component R? CRCW1206523RFKEA
Added Member To Class: ClassName=DAC_PWW_Outputs Member=Component R? CRCW12061K00FKEA
Added Member To Class: ClassName=DAC_PWW_Outputs Member=Component R? CRCW1206523RFKEA
Added Member To Class: ClassName=DAC_PWW_Outputs Member=Component R? CRCW1206523RFKEA
Added Member To Class: ClassName=DAC_PWW_Outputs Member=Component R? CRCW12061K00FKEA
Added Member To Class: ClassName=Power_CAN Member=Component R? ERJ-8GEYJ103V
Added Member To Class: ClassName=Power_CAN Member=Component R? ERJ-14YJ121U
Added Member To Class: ClassName=5vOutputs Member=Component U? TXB0104PWR
Added Member To Class: ClassName=12vOutputs Member=Component U? BTS4160DGA
Added Member To Class: ClassName=12vOutputs Member=Component U? BTS4160DGA
Added Member To Class: ClassName=12vOutputs Member=Component U? BTS4160DGA
Added Member To Class: ClassName=12vOutputs Member=Component U? BTS4160DGA
Added Member To Class: ClassName=DAC_PWW_Outputs Member=Component U? MCP6001T-I/OT
Added Member To Class: ClassName=DAC_PWW_Outputs Member=Component U? MCP6001T-I/OT
Added Member To Class: ClassName=DAC_PWW_Outputs Member=Component U? MCP6001T-I/OT
Added Member To Class: ClassName=Power_CAN Member=Component U? TPS62173DSGR
Added Member To Class: ClassName=Power_CAN Member=Component U? SN65HVD230D
