Added Component: Designator=C21(Kemet_C0805_IPC_A)
Add component. Clean all parameters for all variants
Added Component: Designator=C22(Kemet_C0805_IPC_A)
Add component. Clean all parameters for all variants
Added Component: Designator=C23(Kemet_C0805_IPC_A)
Add component. Clean all parameters for all variants
Added Component: Designator=C24(Kemet_C0805_IPC_A)
Add component. Clean all parameters for all variants
Added Component: Designator=C25(Kemet_C0805_IPC_A)
Add component. Clean all parameters for all variants
Added Component: Designator=C26(Kemet_C0805_IPC_A)
Add component. Clean all parameters for all variants
Added Component: Designator=C27(Kemet_C0805_IPC_A)
Add component. Clean all parameters for all variants
Added Component: Designator=C28(Kemet_C0805_IPC_A)
Add component. Clean all parameters for all variants
Added Component: Designator=C29(Kemet_C0805_IPC_A)
Add component. Clean all parameters for all variants
Added Component: Designator=C30(Kemet_C0805_IPC_A)
Add component. Clean all parameters for all variants
Added Component: Designator=C31(Kemet_C0805_IPC_A)
Add component. Clean all parameters for all variants
Added Component: Designator=C32(Kemet_C0805_IPC_A)
Add component. Clean all parameters for all variants
Added Component: Designator=C33(Kemet_C0805_IPC_A)
Add component. Clean all parameters for all variants
Added Component: Designator=C34(Kemet_C0805_IPC_A)
Add component. Clean all parameters for all variants
Added Component: Designator=C35(Kemet_C0805_IPC_A)
Add component. Clean all parameters for all variants
Added Pin To Net: NetName=+12 Pin=C21-1
Added Pin To Net: NetName=GND Pin=C21-2
Added Pin To Net: NetName=+12 Pin=C22-1
Added Pin To Net: NetName=GND Pin=C22-2
Added Pin To Net: NetName=+12 Pin=C23-1
Added Pin To Net: NetName=GND Pin=C23-2
Added Pin To Net: NetName=+12 Pin=C24-1
Added Pin To Net: NetName=GND Pin=C24-2
Added Pin To Net: NetName=+12 Pin=C25-1
Added Pin To Net: NetName=GND Pin=C25-2
Added Pin To Net: NetName=+12 Pin=C26-1
Added Pin To Net: NetName=GND Pin=C26-2
Added Pin To Net: NetName=+12 Pin=C27-1
Added Pin To Net: NetName=GND Pin=C27-2
Added Pin To Net: NetName=+12 Pin=C28-1
Added Pin To Net: NetName=GND Pin=C28-2
Added Pin To Net: NetName=+12 Pin=C29-1
Added Pin To Net: NetName=GND Pin=C29-2
Added Pin To Net: NetName=+12 Pin=C30-1
Added Pin To Net: NetName=GND Pin=C30-2
Added Pin To Net: NetName=+12 Pin=C31-1
Added Pin To Net: NetName=GND Pin=C31-2
Added Pin To Net: NetName=+12 Pin=C32-1
Added Pin To Net: NetName=GND Pin=C32-2
Added Pin To Net: NetName=+12 Pin=C33-1
Added Pin To Net: NetName=GND Pin=C33-2
Added Pin To Net: NetName=+12 Pin=C34-1
Added Pin To Net: NetName=GND Pin=C34-2
Added Pin To Net: NetName=+12 Pin=C35-1
Added Pin To Net: NetName=GND Pin=C35-2
Added Member To Class: ClassName=12vOutputs Member=Component C21 C0603C104K5RACTU
Added Member To Class: ClassName=12vOutputs Member=Component C22 C0603C104K5RACTU
Added Member To Class: ClassName=12vOutputs Member=Component C23 C0603C104K5RACTU
Added Member To Class: ClassName=12vOutputs Member=Component C24 C0603C104K5RACTU
Added Member To Class: ClassName=12vOutputs Member=Component C25 C0603C104K5RACTU
Added Member To Class: ClassName=12vOutputs Member=Component C26 C0603C104K5RACTU
Added Member To Class: ClassName=12vOutputs Member=Component C27 C0603C104K5RACTU
Added Member To Class: ClassName=12vOutputs Member=Component C28 C0603C104K5RACTU
Added Member To Class: ClassName=12vOutputs Member=Component C29 C0603C104K5RACTU
Added Member To Class: ClassName=12vOutputs Member=Component C30 C0603C104K5RACTU
Added Member To Class: ClassName=12vOutputs Member=Component C31 C0603C104K5RACTU
Added Member To Class: ClassName=12vOutputs Member=Component C32 C0603C104K5RACTU
Added Member To Class: ClassName=12vOutputs Member=Component C33 C0603C104K5RACTU
Added Member To Class: ClassName=12vOutputs Member=Component C34 C0603C104K5RACTU
Added Member To Class: ClassName=12vOutputs Member=Component C35 C0603C104K5RACTU
